生成启动时间为 10/31/2012 5:03:05 PM。
     1>项目“C:\Users\air\Documents\GitHub\MyProjects\TowerDefense\TowerDefense\proj.win32\TowerDefense.win32.vcxproj”在节点 2 上(build 个目标)。
     1>C:\Program Files\MSBuild\Microsoft.Cpp\v4.0\Microsoft.CppBuild.targets(299,5): warning MSB8004: Output 目录未以斜杠结尾。此生成实例将添加斜杠，因为必须有这个斜杠才能正确计算 Output 目录。
     1>InitializeBuildStatus:
         正在创建“Debug.win32\TowerDefense.win32.unsuccessfulbuild”，因为已指定“AlwaysCreate”。
       ClCompile:
         所有输出均为最新。
         C:\Program Files\Microsoft Visual Studio 10.0\VC\bin\CL.exe /c /I. /I..\Classes /I..\..\..\SDK\SweetPomeII\libs /I..\..\..\SDK\SweetPomeII\libs\cocos2dx /I..\..\..\SDK\SweetPomeII\libs\cocos2dx\include /I..\..\..\SDK\SweetPomeII\libs\cocos2dx\kazmath\include /I..\..\..\SDK\SweetPomeII\libs\cocos2dx\platform /I..\..\..\SDK\SweetPomeII\libs\cocos2dx\platform\win32 /I..\..\..\SDK\SweetPomeII\libs\cocos2dx\platform\third_party\win32 /I..\..\..\SDK\SweetPomeII\libs\cocos2dx\platform\third_party\win32\OGLES /I..\..\..\SDK\SweetPomeII\libs\cocos2dx\tileMap_parallax_nodes /I..\..\..\SDK\SweetPomeII\libs\cocos2dx\script_support /I..\..\..\SDK\SweetPomeII\libs\cocos2dx\touch_dispatcher /I..\..\..\SDK\SweetPomeII\libs\cocos2dx\cocoa /I..\..\..\SDK\SweetPomeII\libs\cocos2dx\layers_scenes_transitions_nodes /I..\..\..\SDK\SweetPomeII\libs\cocos2dx\particle_nodes /I..\..\..\SDK\SweetPomeII\libs\cocos2dx\textures /I..\..\..\SDK\SweetPomeII\libs\cocos2dx\platform\third_party\win32\zlib /I..\..\..\SDK\SweetPomeII\libs\CocosDenshion\include /I..\..\..\SDK\SweetPomeII\libs\cocos2dx\sprite_nodes /I..\..\..\SDK\SweetPomeII\libs\cocos2dx\support /I..\..\..\SDK\SweetPomeII\libs\Box2D\Common /I..\..\..\SDK\SweetPomeII\libs\Box2D\Collision /I..\..\..\SDK\SweetPomeII\libs\Box2D\Collision\Shapes /I..\..\..\SDK\SweetPomeII\libs\Script\Spidermonkey\win32\include /I..\..\..\SDK\SweetPomeII\libs\Script\Spidermonkey\JSBind /I..\..\..\SDK\SweetPomeII\libs\OIS /I..\..\..\SDK\SweetPomeII\libs\Json\json /I..\..\..\SDK\SweetPomeII\libs\OpenAL.win32\include /I..\..\..\SDK\SweetPomeII\include\ /I..\..\..\SDK\SweetPomeII\include\Platforms\Win32 /I..\..\..\SDK\SweetPomeII\include\Script /I..\..\..\SDK\SweetPomeII\include\Platforms /I..\..\..\SDK\SweetPomeII\include\Graphics /I..\..\..\SDK\SweetPomeII\include\Physical\Collider /I..\..\..\SDK\SweetPomeII\include\Input /I..\..\..\SDK\SweetPomeII\include\Framework /I..\..\..\SDK\SweetPomeII\include\ContentManager /I..\..\..\SDK\SweetPomeII\include\Social /I..\..\..\SDK\SweetPomeII\include\Network /I..\..\..\SDK\SweetPomeII\include\GUI /I..\..\..\SDK\SweetPomeII\include\IAP /I..\..\..\SDK\SweetPomeII\include\File /I..\..\..\SDK\SweetPomeII\include\DataAnalytics /I..\..\..\SDK\SweetPomeII\include\Camera /I..\..\..\SDK\SweetPomeII\include\Audio\OpenAL /I..\..\..\SDK\SweetPomeII\include\Audio /I..\..\..\SDK\SweetPomeII\include\AI /I..\..\..\SDK\SweetPomeII\include\Advertise /I..\..\..\SDK\SweetPomeII\include\Util /I..\..\..\SDK\SweetPomeII\include\Components /I..\..\..\SDK\SweetPomeII\include\BaseNode /I..\..\..\SDK\SweetPomeII\include\Support /I..\..\..\SDK\SweetPomeII\include\Script\js /ZI /nologo /W3 /WX- /Od /Oy- /D WIN32 /D _WINDOWS /D STRICT /D _CRT_SECURE_NO_WARNINGS /D _SCL_SECURE_NO_WARNINGS_DEBUG /D COCOS2D_DEBUG=1 /D _UNICODE /D UNICODE /Gm /EHsc /RTC1 /MDd /GS /fp:precise /Zc:wchar_t /Zc:forScope /Fo"Debug.win32\\" /Fd"Debug.win32\vc100.pdb" /Gd /TP /wd4267 /wd4251 /wd4244 /analyze- /errorReport:prompt ..\Classes\AppDelegate.cpp main.cpp
         main.cpp
         AppDelegate.cpp
     1>c:\users\air\documents\github\myprojects\sdk\sweetpomeii\include\gui\spguimenuitembutton.h(177): warning C4275: 非 dll 接口 class“Sweetpome::Component::GUIMenuItemSprite”用作 dll 接口 class“Sweetpome::Component::GUIMenuItemImage”的基
                 c:\users\air\documents\github\myprojects\sdk\sweetpomeii\include\gui\spguimenuitembutton.h(99) : 参见“Sweetpome::Component::GUIMenuItemSprite”的声明
                 c:\users\air\documents\github\myprojects\sdk\sweetpomeii\include\gui\spguimenuitembutton.h(176) : 参见“Sweetpome::Component::GUIMenuItemImage”的声明
     1>c:\users\air\documents\github\myprojects\sdk\sweetpomeii\include\gui\spguimenuitembutton.h(241): warning C4275: 非 dll 接口 class“Sweetpome::Component::GUIMenuItem”用作 dll 接口 class“Sweetpome::Component::GUIMenuItemLabel”的基
                 c:\users\air\documents\github\myprojects\sdk\sweetpomeii\include\gui\spguimenuitembutton.h(41) : 参见“Sweetpome::Component::GUIMenuItem”的声明
                 c:\users\air\documents\github\myprojects\sdk\sweetpomeii\include\gui\spguimenuitembutton.h(240) : 参见“Sweetpome::Component::GUIMenuItemLabel”的声明
         正在生成代码...
       ResourceCompile:
         所有输出均为最新。
         C:\Program Files\Microsoft SDKs\Windows\v7.0A\bin\rc.exe /D _DEBUG /D _UNICODE /D UNICODE /l"0x0409" /IDebug.win32\ /nologo /fo"Debug.win32\TowerDefense.res" TowerDefense.rc 
       ManifestResourceCompile:
         所有输出均为最新。
         C:\Program Files\Microsoft SDKs\Windows\v7.0A\bin\rc.exe /nologo /fo"Debug.win32\TowerDefense.win32.exe.embed.manifest.res" Debug.win32\TowerDefense.win32_manifest.rc 
       Link:
         C:\Program Files\Microsoft Visual Studio 10.0\VC\bin\link.exe /ERRORREPORT:PROMPT /OUT:"..\..\..\SDK\win32\Debug\TowerDefense.win32.exe" /INCREMENTAL /NOLOGO /LIBPATH:..\..\..\SDK\win32\Debug\ /LIBPATH:..\..\..\SDK\win32\Debug /LIBPATH:..\..\..\SDK\SweetpomeII\libs\Script\Spidermonkey\win32\lib /LIBPATH:..\..\..\SDK\SweetPomeII\libs\cocos2dx\platform\third_party\win32\libraries libcocos2dD.lib SweetPomeIID.lib js.lib kernel32.lib user32.lib gdi32.lib winspool.lib comdlg32.lib advapi32.lib shell32.lib ole32.lib oleaut32.lib uuid.lib odbc32.lib odbccp32.lib /MANIFEST /ManifestFile:"Debug.win32\TowerDefense.win32.exe.intermediate.manifest" /MANIFESTUAC:"level='asInvoker' uiAccess='false'" /DEBUG /PDB:"C:\Users\air\Documents\GitHub\MyProjects\SDK\win32\Debug\TowerDefense.win32.pdb" /SUBSYSTEM:WINDOWS /TLBID:1 /DYNAMICBASE /NXCOMPAT /IMPLIB:"..\..\..\SDK\win32\Debug\TowerDefense.win32.lib" /MACHINE:X86 Debug.win32\TowerDefense.res
         Debug.win32\TowerDefense.win32.exe.embed.manifest.res
         Debug.win32\AppDelegate.obj
         Debug.win32\main.obj
       Manifest:
         C:\Program Files\Microsoft SDKs\Windows\v7.0A\bin\mt.exe /nologo /verbose /out:"Debug.win32\TowerDefense.win32.exe.embed.manifest" /manifest Debug.win32\TowerDefense.win32.exe.intermediate.manifest
         所有输出均为最新。
       LinkEmbedManifest:
         所有输出均为最新。
         TowerDefense.win32.vcxproj -> C:\Users\air\Documents\GitHub\MyProjects\TowerDefense\TowerDefense\proj.win32\..\..\..\SDK\win32\Debug\TowerDefense.win32.exe
       FinalizeBuildStatus:
         正在删除文件“Debug.win32\TowerDefense.win32.unsuccessfulbuild”。
         正在对“Debug.win32\TowerDefense.win32.lastbuildstate”执行 Touch 任务。
     1>已完成生成项目“C:\Users\air\Documents\GitHub\MyProjects\TowerDefense\TowerDefense\proj.win32\TowerDefense.win32.vcxproj”(build 个目标)的操作。

生成成功。

已用时间 00:00:09.30
